<!DOCTYPE html>

<html>
  <head>
  <title>TestNG reports</title>

    <link type="text/css" href="testng-reports.css" rel="stylesheet" />  
    <script type="text/javascript" src="jquery-1.7.1.min.js"></script>
    <script type="text/javascript" src="testng-reports.js"></script>
    <script type="text/javascript" src="https://www.google.com/jsapi"></script>
    <script type='text/javascript'>
      google.load('visualization', '1', {packages:['table']});
      google.setOnLoadCallback(drawTable);
      var suiteTableInitFunctions = new Array();
      var suiteTableData = new Array();
    </script>
    <!--
      <script type="text/javascript" src="jquery-ui/js/jquery-ui-1.8.16.custom.min.js"></script>
     -->
  </head>

  <body>
    <div class="top-banner-root">
      <span class="top-banner-title-font">Test results</span>
      <br/>
      <span class="top-banner-font-1">1 suite, 3 failed tests</span>
    </div> <!-- top-banner-root -->
    <div class="navigator-root">
      <div class="navigator-suite-header">
        <span>All suites</span>
        <a href="#" class="collapse-all-link" title="Collapse/expand all the suites">
          <img class="collapse-all-icon" src="collapseall.gif">
          </img> <!-- collapse-all-icon -->
        </a> <!-- collapse-all-link -->
      </div> <!-- navigator-suite-header -->
      <div class="suite">
        <div class="rounded-window">
          <div class="suite-header light-rounded-window-top">
            <a href="#" class="navigator-link" panel-name="suite-selenium_2_combat">
              <span class="suite-name border-failed">selenium_2_combat</span>
            </a> <!-- navigator-link -->
          </div> <!-- suite-header light-rounded-window-top -->
          <div class="navigator-suite-content">
            <div class="suite-section-title">
              <span>Info</span>
            </div> <!-- suite-section-title -->
            <div class="suite-section-content">
              <ul>
                <li>
                  <a href="#" class="navigator-link " panel-name="test-xml-selenium_2_combat">
                    <span>D:\myGithub\seleniumdemo_yong\testng.xml</span>
                  </a> <!-- navigator-link  -->
                </li>
                <li>
                  <a href="#" class="navigator-link " panel-name="testlist-selenium_2_combat">
                    <span class="test-stats">2 tests</span>
                  </a> <!-- navigator-link  -->
                </li>
                <li>
                  <a href="#" class="navigator-link " panel-name="group-selenium_2_combat">
                    <span>0 groups</span>
                  </a> <!-- navigator-link  -->
                </li>
                <li>
                  <a href="#" class="navigator-link " panel-name="times-selenium_2_combat">
                    <span>Times</span>
                  </a> <!-- navigator-link  -->
                </li>
                <li>
                  <a href="#" class="navigator-link " panel-name="reporter-selenium_2_combat">
                    <span>Reporter output</span>
                  </a> <!-- navigator-link  -->
                </li>
                <li>
                  <a href="#" class="navigator-link " panel-name="ignored-methods-selenium_2_combat">
                    <span>Ignored methods</span>
                  </a> <!-- navigator-link  -->
                </li>
                <li>
                  <a href="#" class="navigator-link " panel-name="chronological-selenium_2_combat">
                    <span>Chronological view</span>
                  </a> <!-- navigator-link  -->
                </li>
              </ul>
            </div> <!-- suite-section-content -->
            <div class="result-section">
              <div class="suite-section-title">
                <span>Results</span>
              </div> <!-- suite-section-title -->
              <div class="suite-section-content">
                <ul>
                  <li>
                    <span class="method-stats">3 methods, 3 failed,   </span>
                  </li>
                  <li>
                    <span class="method-list-title failed">Failed methods</span>
                    <span class="show-or-hide-methods failed">
                      <a href="#" panel-name="suite-selenium_2_combat" class="hide-methods failed suite-selenium_2_combat"> (hide)</a> <!-- hide-methods failed suite-selenium_2_combat -->
                      <a href="#" panel-name="suite-selenium_2_combat" class="show-methods failed suite-selenium_2_combat"> (show)</a> <!-- show-methods failed suite-selenium_2_combat -->
                    </span>
                    <div class="method-list-content failed suite-selenium_2_combat">
                      <span>
                        <img width="3%" src="failed.png"/>
                        <a href="#" class="method navigator-link" panel-name="suite-selenium_2_combat" title="com.demo.test.testcases.home.HomePage_001_CheckHomeText_Test" hash-for-method="checkHomeText({PASSWORD=bean, USERNAME=jojo})">checkHomeText({PASSWORD=bean, USERNAME=jojo})</a> <!-- method navigator-link -->
                      </span>
                      <br/>
                      <span>
                        <img width="3%" src="failed.png"/>
                        <a href="#" class="method navigator-link" panel-name="suite-selenium_2_combat" title="com.demo.test.testcases.login.LoginPage_001_LoginSuccessFunction_Test" hash-for-method="loginSuccessFunction({PASSWORD=bean, USERNAME=jojo})">loginSuccessFunction({PASSWORD=bean, USERNAME=jojo})</a> <!-- method navigator-link -->
                      </span>
                      <br/>
                      <span>
                        <img width="3%" src="failed.png"/>
                        <a href="#" class="method navigator-link" panel-name="suite-selenium_2_combat" title="com.demo.test.testcases.login.LoginPage_002_LoginWithoutPassword" hash-for-method="loginWithoutPassword({PASSWORD=, USERNAME=jojo, ERROR=Web Tours Error - Incorrect Password})">loginWithoutPassword({PASSWORD=, USERNAME=jojo, ERROR=Web Tours Error - Incorrect Password})</a> <!-- method navigator-link -->
                      </span>
                      <br/>
                    </div> <!-- method-list-content failed suite-selenium_2_combat -->
                  </li>
                </ul>
              </div> <!-- suite-section-content -->
            </div> <!-- result-section -->
          </div> <!-- navigator-suite-content -->
        </div> <!-- rounded-window -->
      </div> <!-- suite -->
    </div> <!-- navigator-root -->
    <div class="wrapper">
      <div class="main-panel-root">
        <div panel-name="suite-selenium_2_combat" class="panel selenium_2_combat">
          <div class="suite-selenium_2_combat-class-failed">
            <div class="main-panel-header rounded-window-top">
              <img src="failed.png"/>
              <span class="class-name">com.demo.test.testcases.login.LoginPage_002_LoginWithoutPassword</span>
            </div> <!-- main-panel-header rounded-window-top -->
            <div class="main-panel-content rounded-window-bottom">
              <div class="method">
                <div class="method-content">
                  <a name="loginWithoutPassword({PASSWORD=, USERNAME=jojo, ERROR=Web Tours Error - Incorrect Password})">
                  </a> <!-- loginWithoutPassword({PASSWORD=, USERNAME=jojo, ERROR=Web Tours Error - Incorrect Password}) -->
                  <span class="method-name">loginWithoutPassword</span>
                  <span class="parameters">({PASSWORD=, USERNAME=jojo, ERROR=Web Tours Error - Incorrect Password})</span>
                  <div class="stack-trace">org.openqa.selenium.NoSuchElementException: no such element: Unable to locate element: {&quot;method&quot;:&quot;name&quot;,&quot;selector&quot;:&quot;body&quot;}
  (Session info: chrome=51.0.2704.103)
  (Driver info: chromedriver=2.21.371459 (36d3d07f660ff2bc1bf28a75d1cdabed0983e7c4),platform=Windows NT 10.0 x86_64) (WARNING: The server did not provide any stacktrace information)
Command duration or timeout: 18 milliseconds
For documentation on this error, please visit: http://seleniumhq.org/exceptions/no_such_element.html
Build info: version: &apos;2.48.2&apos;, revision: &apos;41bccdd&apos;, time: &apos;2015-10-09 19:55:52&apos;
System info: host: &apos;DESKTOP-EJ4P3J4&apos;, ip: &apos;172.16.25.5&apos;, os.name: &apos;Windows 10&apos;, os.arch: &apos;amd64&apos;, os.version: &apos;10.0&apos;, java.version: &apos;1.8.0_66&apos;
Driver info: org.openqa.selenium.chrome.ChromeDriver
Capabilities [{applicationCacheEnabled=false, rotatable=false, mobileEmulationEnabled=false, chrome={chromedriverVersion=2.21.371459 (36d3d07f660ff2bc1bf28a75d1cdabed0983e7c4), userDataDir=C:\Users\shenjing\AppData\Local\Temp\scoped_dir6308_32702}, takesHeapSnapshot=true, databaseEnabled=false, handlesAlerts=true, hasTouchScreen=false, version=51.0.2704.103, platform=XP, browserConnectionEnabled=false, nativeEvents=true, acceptSslCerts=true, locationContextEnabled=true, webStorageEnabled=true, browserName=chrome, takesScreenshot=true, javascriptEnabled=true, cssSelectorsEnabled=true}]
Session ID: 6979eb4cff726f46504fab4b03b2fb38
*** Element info: {Using=name, value=body}
	at org.openqa.selenium.remote.ErrorHandler.createThrowable(ErrorHandler.java:206)
	at org.openqa.selenium.remote.ErrorHandler.throwIfResponseFailed(ErrorHandler.java:158)
	at org.openqa.selenium.remote.RemoteWebDriver.execute(RemoteWebDriver.java:647)
	at org.openqa.selenium.remote.RemoteWebDriver.findElement(RemoteWebDriver.java:353)
	at org.openqa.selenium.remote.RemoteWebDriver.findElementByName(RemoteWebDriver.java:451)
	at org.openqa.selenium.By$ByName.findElement(By.java:303)
	at org.openqa.selenium.remote.RemoteWebDriver.findElement(RemoteWebDriver.java:345)
	at com.demo.test.utils.SeleniumUtil.findElementBy(SeleniumUtil.java:88)
	at com.demo.test.pageshelper.FramePageHelper.jumpInToFrame(FramePageHelper.java:16)
	at com.demo.test.pageshelper.LoginPageHelper.waitLoginPageLoad(LoginPageHelper.java:27)
	at com.demo.test.testcases.login.LoginPage_002_LoginWithoutPassword.loginWithoutPassword(LoginPage_002_LoginWithoutPassword.java:17)
	at java.util.concurrent.FutureTask.run(Unknown Source)
	at java.util.concurrent.ThreadPoolExecutor.runWorker(Unknown Source)
	at java.util.concurrent.ThreadPoolExecutor$Worker.run(Unknown Source)
	at java.lang.Thread.run(Unknown Source)
... Removed 20 stack frames
</div> <!-- stack-trace -->
                </div> <!-- method-content -->
              </div> <!-- method -->
            </div> <!-- main-panel-content rounded-window-bottom -->
          </div> <!-- suite-selenium_2_combat-class-failed -->
          <div class="suite-selenium_2_combat-class-failed">
            <div class="main-panel-header rounded-window-top">
              <img src="failed.png"/>
              <span class="class-name">com.demo.test.testcases.login.LoginPage_001_LoginSuccessFunction_Test</span>
            </div> <!-- main-panel-header rounded-window-top -->
            <div class="main-panel-content rounded-window-bottom">
              <div class="method">
                <div class="method-content">
                  <a name="loginSuccessFunction({PASSWORD=bean, USERNAME=jojo})">
                  </a> <!-- loginSuccessFunction({PASSWORD=bean, USERNAME=jojo}) -->
                  <span class="method-name">loginSuccessFunction</span>
                  <span class="parameters">({PASSWORD=bean, USERNAME=jojo})</span>
                  <div class="stack-trace">org.openqa.selenium.NoSuchElementException: no such element: Unable to locate element: {&quot;method&quot;:&quot;name&quot;,&quot;selector&quot;:&quot;body&quot;}
  (Session info: chrome=51.0.2704.103)
  (Driver info: chromedriver=2.21.371459 (36d3d07f660ff2bc1bf28a75d1cdabed0983e7c4),platform=Windows NT 10.0 x86_64) (WARNING: The server did not provide any stacktrace information)
Command duration or timeout: 32 milliseconds
For documentation on this error, please visit: http://seleniumhq.org/exceptions/no_such_element.html
Build info: version: &apos;2.48.2&apos;, revision: &apos;41bccdd&apos;, time: &apos;2015-10-09 19:55:52&apos;
System info: host: &apos;DESKTOP-EJ4P3J4&apos;, ip: &apos;172.16.25.5&apos;, os.name: &apos;Windows 10&apos;, os.arch: &apos;amd64&apos;, os.version: &apos;10.0&apos;, java.version: &apos;1.8.0_66&apos;
Driver info: org.openqa.selenium.chrome.ChromeDriver
Capabilities [{applicationCacheEnabled=false, rotatable=false, mobileEmulationEnabled=false, chrome={chromedriverVersion=2.21.371459 (36d3d07f660ff2bc1bf28a75d1cdabed0983e7c4), userDataDir=C:\Users\shenjing\AppData\Local\Temp\scoped_dir6616_6478}, takesHeapSnapshot=true, databaseEnabled=false, handlesAlerts=true, hasTouchScreen=false, version=51.0.2704.103, platform=XP, browserConnectionEnabled=false, nativeEvents=true, acceptSslCerts=true, locationContextEnabled=true, webStorageEnabled=true, browserName=chrome, takesScreenshot=true, javascriptEnabled=true, cssSelectorsEnabled=true}]
Session ID: 98d41be85affb48d081bc6923961fa88
*** Element info: {Using=name, value=body}
	at org.openqa.selenium.remote.ErrorHandler.createThrowable(ErrorHandler.java:206)
	at org.openqa.selenium.remote.ErrorHandler.throwIfResponseFailed(ErrorHandler.java:158)
	at org.openqa.selenium.remote.RemoteWebDriver.execute(RemoteWebDriver.java:647)
	at org.openqa.selenium.remote.RemoteWebDriver.findElement(RemoteWebDriver.java:353)
	at org.openqa.selenium.remote.RemoteWebDriver.findElementByName(RemoteWebDriver.java:451)
	at org.openqa.selenium.By$ByName.findElement(By.java:303)
	at org.openqa.selenium.remote.RemoteWebDriver.findElement(RemoteWebDriver.java:345)
	at com.demo.test.utils.SeleniumUtil.findElementBy(SeleniumUtil.java:88)
	at com.demo.test.pageshelper.FramePageHelper.jumpInToFrame(FramePageHelper.java:16)
	at com.demo.test.pageshelper.LoginPageHelper.waitLoginPageLoad(LoginPageHelper.java:27)
	at com.demo.test.testcases.login.LoginPage_001_LoginSuccessFunction_Test.loginSuccessFunction(LoginPage_001_LoginSuccessFunction_Test.java:16)
	at java.util.concurrent.FutureTask.run(Unknown Source)
	at java.util.concurrent.ThreadPoolExecutor.runWorker(Unknown Source)
	at java.util.concurrent.ThreadPoolExecutor$Worker.run(Unknown Source)
	at java.lang.Thread.run(Unknown Source)
... Removed 20 stack frames
</div> <!-- stack-trace -->
                </div> <!-- method-content -->
              </div> <!-- method -->
            </div> <!-- main-panel-content rounded-window-bottom -->
          </div> <!-- suite-selenium_2_combat-class-failed -->
          <div class="suite-selenium_2_combat-class-failed">
            <div class="main-panel-header rounded-window-top">
              <img src="failed.png"/>
              <span class="class-name">com.demo.test.testcases.home.HomePage_001_CheckHomeText_Test</span>
            </div> <!-- main-panel-header rounded-window-top -->
            <div class="main-panel-content rounded-window-bottom">
              <div class="method">
                <div class="method-content">
                  <a name="checkHomeText({PASSWORD=bean, USERNAME=jojo})">
                  </a> <!-- checkHomeText({PASSWORD=bean, USERNAME=jojo}) -->
                  <span class="method-name">checkHomeText</span>
                  <span class="parameters">({PASSWORD=bean, USERNAME=jojo})</span>
                  <div class="stack-trace">org.openqa.selenium.NoSuchElementException: no such element: Unable to locate element: {&quot;method&quot;:&quot;name&quot;,&quot;selector&quot;:&quot;body&quot;}
  (Session info: chrome=51.0.2704.103)
  (Driver info: chromedriver=2.21.371459 (36d3d07f660ff2bc1bf28a75d1cdabed0983e7c4),platform=Windows NT 10.0 x86_64) (WARNING: The server did not provide any stacktrace information)
Command duration or timeout: 1.07 seconds
For documentation on this error, please visit: http://seleniumhq.org/exceptions/no_such_element.html
Build info: version: &apos;2.48.2&apos;, revision: &apos;41bccdd&apos;, time: &apos;2015-10-09 19:55:52&apos;
System info: host: &apos;DESKTOP-EJ4P3J4&apos;, ip: &apos;172.16.25.5&apos;, os.name: &apos;Windows 10&apos;, os.arch: &apos;amd64&apos;, os.version: &apos;10.0&apos;, java.version: &apos;1.8.0_66&apos;
Driver info: org.openqa.selenium.chrome.ChromeDriver
Capabilities [{applicationCacheEnabled=false, rotatable=false, mobileEmulationEnabled=false, chrome={chromedriverVersion=2.21.371459 (36d3d07f660ff2bc1bf28a75d1cdabed0983e7c4), userDataDir=C:\Users\shenjing\AppData\Local\Temp\scoped_dir2800_10605}, takesHeapSnapshot=true, databaseEnabled=false, handlesAlerts=true, hasTouchScreen=false, version=51.0.2704.103, platform=XP, browserConnectionEnabled=false, nativeEvents=true, acceptSslCerts=true, locationContextEnabled=true, webStorageEnabled=true, browserName=chrome, takesScreenshot=true, javascriptEnabled=true, cssSelectorsEnabled=true}]
Session ID: 9b9a1d887fceb0f84337ef514ab50d30
*** Element info: {Using=name, value=body}
	at org.openqa.selenium.remote.ErrorHandler.createThrowable(ErrorHandler.java:206)
	at org.openqa.selenium.remote.ErrorHandler.throwIfResponseFailed(ErrorHandler.java:158)
	at org.openqa.selenium.remote.RemoteWebDriver.execute(RemoteWebDriver.java:647)
	at org.openqa.selenium.remote.RemoteWebDriver.findElement(RemoteWebDriver.java:353)
	at org.openqa.selenium.remote.RemoteWebDriver.findElementByName(RemoteWebDriver.java:451)
	at org.openqa.selenium.By$ByName.findElement(By.java:303)
	at org.openqa.selenium.remote.RemoteWebDriver.findElement(RemoteWebDriver.java:345)
	at com.demo.test.utils.SeleniumUtil.findElementBy(SeleniumUtil.java:88)
	at com.demo.test.pageshelper.FramePageHelper.jumpInToFrame(FramePageHelper.java:16)
	at com.demo.test.pageshelper.LoginPageHelper.waitLoginPageLoad(LoginPageHelper.java:27)
	at com.demo.test.testcases.home.HomePage_001_CheckHomeText_Test.checkHomeText(HomePage_001_CheckHomeText_Test.java:18)
	at java.util.concurrent.FutureTask.run(Unknown Source)
	at java.util.concurrent.ThreadPoolExecutor.runWorker(Unknown Source)
	at java.util.concurrent.ThreadPoolExecutor$Worker.run(Unknown Source)
	at java.lang.Thread.run(Unknown Source)
... Removed 20 stack frames
</div> <!-- stack-trace -->
                </div> <!-- method-content -->
              </div> <!-- method -->
            </div> <!-- main-panel-content rounded-window-bottom -->
          </div> <!-- suite-selenium_2_combat-class-failed -->
        </div> <!-- panel selenium_2_combat -->
        <div panel-name="test-xml-selenium_2_combat" class="panel">
          <div class="main-panel-header rounded-window-top">
            <span class="header-content">D:\myGithub\seleniumdemo_yong\testng.xml</span>
          </div> <!-- main-panel-header rounded-window-top -->
          <div class="main-panel-content rounded-window-bottom">
            <pre>
&lt;?xml version=&quot;1.0&quot; encoding=&quot;UTF-8&quot;?&gt;
&lt;!DOCTYPE suite SYSTEM &quot;http://testng.org/testng-1.0.dtd&quot;&gt;
&lt;suite thread-count=&quot;2&quot; name=&quot;selenium_2_combat&quot; parallel=&quot;tests&quot;&gt;
  &lt;parameter name=&quot;driverConfgFilePath&quot; value=&quot;config/driver.properties&quot;/&gt;
  &lt;parameter name=&quot;browserName&quot; value=&quot;chrome&quot;/&gt;
  &lt;parameter name=&quot;sleepTime&quot; value=&quot;800&quot;/&gt;
  &lt;parameter name=&quot;testurl&quot; value=&quot;http://127.0.0.1:1080/WebTours/&quot;/&gt;
  &lt;parameter name=&quot;waitMillisecondsForAlert&quot; value=&quot;40000&quot;/&gt;
  &lt;parameter name=&quot;timeOut&quot; value=&quot;20&quot;/&gt;
  &lt;listeners&gt;
    &lt;listener class-name=&quot;com.demo.test.plugins.arrow.TestResultListener&quot;/&gt;
    &lt;listener class-name=&quot;com.demo.test.plugins.arrow.RetryListener&quot;/&gt;
    &lt;listener class-name=&quot;com.demo.test.plugins.arrow.PowerEmailableReporter&quot;/&gt;
  &lt;/listeners&gt;
  &lt;test name=&quot;Login&quot;&gt;
    &lt;packages&gt;
      &lt;package name=&quot;com.demo.test.testcases.login&quot;/&gt;
    &lt;/packages&gt;
    &lt;classes&gt;
      &lt;class name=&quot;com.demo.test.testcases.login.LoginPage_001_LoginSuccessFunction_Test&quot;/&gt;
      &lt;class name=&quot;com.demo.test.testcases.login.LoginPage_002_LoginWithoutPassword&quot;/&gt;
    &lt;/classes&gt;
  &lt;/test&gt; &lt;!-- Login --&gt;
  &lt;test name=&quot;Home&quot;&gt;
    &lt;packages&gt;
      &lt;package name=&quot;com.demo.test.testcases.home&quot;/&gt;
    &lt;/packages&gt;
    &lt;classes&gt;
      &lt;class name=&quot;com.demo.test.testcases.home.HomePage_001_CheckHomeText_Test&quot;/&gt;
    &lt;/classes&gt;
  &lt;/test&gt; &lt;!-- Home --&gt;
&lt;/suite&gt; &lt;!-- selenium_2_combat --&gt;
            </pre>
          </div> <!-- main-panel-content rounded-window-bottom -->
        </div> <!-- panel -->
        <div panel-name="testlist-selenium_2_combat" class="panel">
          <div class="main-panel-header rounded-window-top">
            <span class="header-content">Tests for selenium_2_combat</span>
          </div> <!-- main-panel-header rounded-window-top -->
          <div class="main-panel-content rounded-window-bottom">
            <ul>
              <li>
                <span class="test-name">Login (2 classes)</span>
              </li>
              <li>
                <span class="test-name">Home (1 class)</span>
              </li>
            </ul>
          </div> <!-- main-panel-content rounded-window-bottom -->
        </div> <!-- panel -->
        <div panel-name="group-selenium_2_combat" class="panel">
          <div class="main-panel-header rounded-window-top">
            <span class="header-content">Groups for selenium_2_combat</span>
          </div> <!-- main-panel-header rounded-window-top -->
          <div class="main-panel-content rounded-window-bottom">
          </div> <!-- main-panel-content rounded-window-bottom -->
        </div> <!-- panel -->
        <div panel-name="times-selenium_2_combat" class="panel">
          <div class="main-panel-header rounded-window-top">
            <span class="header-content">Times for selenium_2_combat</span>
          </div> <!-- main-panel-header rounded-window-top -->
          <div class="main-panel-content rounded-window-bottom">
            <div class="times-div">
              <script type="text/javascript">
suiteTableInitFunctions.push('tableData_selenium_2_combat');
function tableData_selenium_2_combat() {
var data = new google.visualization.DataTable();
data.addColumn('number', 'Number');
data.addColumn('string', 'Method');
data.addColumn('string', 'Class');
data.addColumn('number', 'Time (ms)');
data.addRows(3);
data.setCell(0, 0, 0)
data.setCell(0, 1, 'checkHomeText')
data.setCell(0, 2, 'com.demo.test.testcases.home.HomePage_001_CheckHomeText_Test')
data.setCell(0, 3, 1078);
data.setCell(1, 0, 1)
data.setCell(1, 1, 'loginSuccessFunction')
data.setCell(1, 2, 'com.demo.test.testcases.login.LoginPage_001_LoginSuccessFunction_Test')
data.setCell(1, 3, 36);
data.setCell(2, 0, 2)
data.setCell(2, 1, 'loginWithoutPassword')
data.setCell(2, 2, 'com.demo.test.testcases.login.LoginPage_002_LoginWithoutPassword')
data.setCell(2, 3, 19);
window.suiteTableData['selenium_2_combat']= { tableData: data, tableDiv: 'times-div-selenium_2_combat'}
return data;
}
              </script>
              <span class="suite-total-time">Total running time: 1 seconds</span>
              <div id="times-div-selenium_2_combat">
              </div> <!-- times-div-selenium_2_combat -->
            </div> <!-- times-div -->
          </div> <!-- main-panel-content rounded-window-bottom -->
        </div> <!-- panel -->
        <div panel-name="reporter-selenium_2_combat" class="panel">
          <div class="main-panel-header rounded-window-top">
            <span class="header-content">Reporter output for selenium_2_combat</span>
          </div> <!-- main-panel-header rounded-window-top -->
          <div class="main-panel-content rounded-window-bottom">
            <div class="reporter-method-div">
              <span class="reporter-method-name">checkHomeText({PASSWORD=bean, USERNAME=jojo})</span>
              <div class="reporter-method-output-div">
                <span class="reporter-method-output">[2016_07_06_14_17_07_checkHomeText] ,截图失败，原因：null</span>
                <span class="reporter-method-output"><img src="../../[2016_07_06_14_17_07_checkHomeText] ,截图失败，原因：null"/></span>
              </div> <!-- reporter-method-output-div -->
            </div> <!-- reporter-method-div -->
            <div class="reporter-method-div">
              <span class="reporter-method-name">loginSuccessFunction({PASSWORD=bean, USERNAME=jojo})</span>
              <div class="reporter-method-output-div">
                <span class="reporter-method-output">result/screenshot/2016_07_06_14_17_07_loginSuccessFunction.jpg</span>
                <span class="reporter-method-output"><img src="../../result/screenshot/2016_07_06_14_17_07_loginSuccessFunction.jpg"/></span>
              </div> <!-- reporter-method-output-div -->
            </div> <!-- reporter-method-div -->
            <div class="reporter-method-div">
              <span class="reporter-method-name">loginWithoutPassword({PASSWORD=, USERNAME=jojo, ERROR=Web Tours Error - Incorrect Password})</span>
              <div class="reporter-method-output-div">
                <span class="reporter-method-output">result/screenshot/2016_07_06_14_17_13_loginWithoutPassword.jpg</span>
                <span class="reporter-method-output"><img src="../../result/screenshot/2016_07_06_14_17_13_loginWithoutPassword.jpg"/></span>
              </div> <!-- reporter-method-output-div -->
            </div> <!-- reporter-method-div -->
          </div> <!-- main-panel-content rounded-window-bottom -->
        </div> <!-- panel -->
        <div panel-name="ignored-methods-selenium_2_combat" class="panel">
          <div class="main-panel-header rounded-window-top">
            <span class="header-content">0 ignored methods</span>
          </div> <!-- main-panel-header rounded-window-top -->
          <div class="main-panel-content rounded-window-bottom">
          </div> <!-- main-panel-content rounded-window-bottom -->
        </div> <!-- panel -->
        <div panel-name="chronological-selenium_2_combat" class="panel">
          <div class="main-panel-header rounded-window-top">
            <span class="header-content">Methods in chronological order</span>
          </div> <!-- main-panel-header rounded-window-top -->
          <div class="main-panel-content rounded-window-bottom">
            <div class="chronological-class">
              <div class="chronological-class-name">com.demo.test.testcases.home.HomePage_001_CheckHomeText_Test</div> <!-- chronological-class-name -->
              <div class="configuration-class before">
                <span class="method-name">startTest(org.testng.TestRunner@548ad73b)</span>
                <span class="method-start">0 ms</span>
              </div> <!-- configuration-class before -->
            </div> <!-- chronological-class -->
            <div class="chronological-class">
              <div class="chronological-class-name">com.demo.test.testcases.login.LoginPage_001_LoginSuccessFunction_Test</div> <!-- chronological-class-name -->
              <div class="configuration-class before">
                <span class="method-name">startTest(org.testng.TestRunner@4c762604)</span>
                <span class="method-start">0 ms</span>
              </div> <!-- configuration-class before -->
            </div> <!-- chronological-class -->
            <div class="chronological-class">
              <div class="chronological-class-name">com.demo.test.testcases.home.HomePage_001_CheckHomeText_Test</div> <!-- chronological-class-name -->
              <div class="test-method">
                <img src="failed.png">
                </img>
                <span class="method-name">checkHomeText({PASSWORD=bean, USERNAME=jojo})</span>
                <span class="method-start">4081 ms</span>
              </div> <!-- test-method -->
              <div class="configuration-class after">
                <span class="method-name">endTest</span>
                <span class="method-start">5220 ms</span>
              </div> <!-- configuration-class after -->
            </div> <!-- chronological-class -->
            <div class="chronological-class">
              <div class="chronological-class-name">com.demo.test.testcases.login.LoginPage_001_LoginSuccessFunction_Test</div> <!-- chronological-class-name -->
              <div class="test-method">
                <img src="failed.png">
                </img>
                <span class="method-name">loginSuccessFunction({PASSWORD=bean, USERNAME=jojo})</span>
                <span class="method-start">5296 ms</span>
              </div> <!-- test-method -->
              <div class="configuration-class after">
                <span class="method-name">endTest</span>
                <span class="method-start">5596 ms</span>
              </div> <!-- configuration-class after -->
            </div> <!-- chronological-class -->
            <div class="chronological-class">
              <div class="chronological-class-name">com.demo.test.testcases.login.LoginPage_002_LoginWithoutPassword</div> <!-- chronological-class-name -->
              <div class="configuration-class before">
                <span class="method-name">startTest(org.testng.TestRunner@4c762604)</span>
                <span class="method-start">6785 ms</span>
              </div> <!-- configuration-class before -->
              <div class="test-method">
                <img src="failed.png">
                </img>
                <span class="method-name">loginWithoutPassword({PASSWORD=, USERNAME=jojo, ERROR=Web Tours Error - Incorrect Password})</span>
                <span class="method-start">11386 ms</span>
              </div> <!-- test-method -->
              <div class="configuration-class after">
                <span class="method-name">endTest</span>
                <span class="method-start">11632 ms</span>
              </div> <!-- configuration-class after -->
          </div> <!-- main-panel-content rounded-window-bottom -->
        </div> <!-- panel -->
      </div> <!-- main-panel-root -->
    </div> <!-- wrapper -->
  </body>
</html>
